{"/home/shikhar97/Desktop/SocialCops/dist/app.js":{"path":"/home/shikhar97/Desktop/SocialCops/dist/app.js","s":{"1":1,"2":1,"3":1,"4":1,"5":1,"6":1,"7":1,"8":1,"9":1,"10":1,"11":1,"12":1,"13":4,"14":1,"15":1,"16":1,"17":1,"18":1,"19":1,"20":1,"21":1,"22":1,"23":1,"24":1,"25":1,"26":1,"27":1,"28":1,"29":14,"30":14,"31":14,"32":14,"33":1},"b":{"1":[0,4],"2":[4,4],"3":[14,0],"4":[14,0]},"f":{"1":4,"2":1,"3":14},"fnMap":{"1":{"name":"_interopRequireDefault","line":25,"loc":{"start":{"line":25,"column":0},"end":{"line":25,"column":37}}},"2":{"name":"(anonymous_2)","line":43,"loc":{"start":{"line":43,"column":8},"end":{"line":43,"column":34}}},"3":{"name":"(anonymous_3)","line":50,"loc":{"start":{"line":50,"column":8},"end":{"line":50,"column":39}}}},"statementMap":{"1":{"start":{"line":3,"column":0},"end":{"line":3,"column":34}},"2":{"start":{"line":5,"column":0},"end":{"line":5,"column":49}},"3":{"start":{"line":7,"column":0},"end":{"line":7,"column":32}},"4":{"start":{"line":9,"column":0},"end":{"line":9,"column":47}},"5":{"start":{"line":11,"column":0},"end":{"line":11,"column":28}},"6":{"start":{"line":13,"column":0},"end":{"line":13,"column":24}},"7":{"start":{"line":15,"column":0},"end":{"line":15,"column":41}},"8":{"start":{"line":17,"column":0},"end":{"line":17,"column":38}},"9":{"start":{"line":19,"column":0},"end":{"line":19,"column":41}},"10":{"start":{"line":21,"column":0},"end":{"line":21,"column":40}},"11":{"start":{"line":23,"column":0},"end":{"line":23,"column":43}},"12":{"start":{"line":25,"column":0},"end":{"line":25,"column":95}},"13":{"start":{"line":25,"column":39},"end":{"line":25,"column":93}},"14":{"start":{"line":27,"column":0},"end":{"line":27,"column":35}},"15":{"start":{"line":29,"column":0},"end":{"line":29,"column":49}},"16":{"start":{"line":30,"column":0},"end":{"line":30,"column":70}},"17":{"start":{"line":31,"column":0},"end":{"line":31,"column":67}},"18":{"start":{"line":33,"column":0},"end":{"line":33,"column":58}},"19":{"start":{"line":34,"column":0},"end":{"line":34,"column":33}},"20":{"start":{"line":36,"column":0},"end":{"line":36,"column":53}},"21":{"start":{"line":38,"column":0},"end":{"line":38,"column":72}},"22":{"start":{"line":39,"column":0},"end":{"line":39,"column":80}},"23":{"start":{"line":40,"column":0},"end":{"line":40,"column":41}},"24":{"start":{"line":43,"column":0},"end":{"line":47,"column":3}},"25":{"start":{"line":44,"column":2},"end":{"line":44,"column":35}},"26":{"start":{"line":45,"column":2},"end":{"line":45,"column":23}},"27":{"start":{"line":46,"column":2},"end":{"line":46,"column":12}},"28":{"start":{"line":50,"column":0},"end":{"line":58,"column":3}},"29":{"start":{"line":52,"column":2},"end":{"line":52,"column":35}},"30":{"start":{"line":53,"column":2},"end":{"line":53,"column":69}},"31":{"start":{"line":56,"column":2},"end":{"line":56,"column":36}},"32":{"start":{"line":57,"column":2},"end":{"line":57,"column":37}},"33":{"start":{"line":60,"column":0},"end":{"line":60,"column":21}}},"branchMap":{"1":{"line":25,"type":"cond-expr","locations":[{"start":{"line":25,"column":70},"end":{"line":25,"column":73}},{"start":{"line":25,"column":76},"end":{"line":25,"column":92}}]},"2":{"line":25,"type":"binary-expr","locations":[{"start":{"line":25,"column":46},"end":{"line":25,"column":49}},{"start":{"line":25,"column":53},"end":{"line":25,"column":67}}]},"3":{"line":53,"type":"cond-expr","locations":[{"start":{"line":53,"column":60},"end":{"line":53,"column":63}},{"start":{"line":53,"column":66},"end":{"line":53,"column":68}}]},"4":{"line":56,"type":"binary-expr","locations":[{"start":{"line":56,"column":13},"end":{"line":56,"column":27}},{"start":{"line":56,"column":31},"end":{"line":56,"column":34}}]}}},"/home/shikhar97/Desktop/SocialCops/dist/routes/api.js":{"path":"/home/shikhar97/Desktop/SocialCops/dist/routes/api.js","s":{"1":1,"2":1,"3":1,"4":1,"5":1,"6":1,"7":1,"8":1,"9":1,"10":3,"11":1,"12":1,"13":1,"14":1,"15":2,"16":2,"17":2,"18":2,"19":1,"20":6,"21":5,"22":5,"23":4,"24":4,"25":4,"26":4,"27":3,"28":2,"29":2,"30":2,"31":2,"32":2,"33":2,"34":2,"35":1,"36":1,"37":1,"38":1,"39":1,"40":1,"41":1,"42":1,"43":1,"44":1,"45":1,"46":1,"47":1,"48":1,"49":1,"50":1,"51":1},"b":{"1":[0,1],"2":[1,1],"3":[1,2],"4":[3,3],"5":[5,1],"6":[3,1],"7":[4,4],"8":[2,1],"9":[1,1]},"f":{"1":1,"2":3,"3":6,"4":4,"5":2,"6":2,"7":1},"fnMap":{"1":{"name":"_interopRequireDefault","line":15,"loc":{"start":{"line":15,"column":0},"end":{"line":15,"column":37}}},"2":{"name":"(anonymous_2)","line":25,"loc":{"start":{"line":25,"column":16},"end":{"line":25,"column":42}}},"3":{"name":"(anonymous_3)","line":45,"loc":{"start":{"line":45,"column":20},"end":{"line":45,"column":46}}},"4":{"name":"(anonymous_4)","line":48,"loc":{"start":{"line":48,"column":52},"end":{"line":48,"column":72}}},"5":{"name":"(anonymous_5)","line":58,"loc":{"start":{"line":58,"column":30},"end":{"line":58,"column":42}}},"6":{"name":"(anonymous_6)","line":59,"loc":{"start":{"line":59,"column":66},"end":{"line":59,"column":86}}},"7":{"name":"(anonymous_7)","line":80,"loc":{"start":{"line":80,"column":19},"end":{"line":80,"column":34}}}},"statementMap":{"1":{"start":{"line":3,"column":0},"end":{"line":3,"column":34}},"2":{"start":{"line":5,"column":0},"end":{"line":5,"column":49}},"3":{"start":{"line":7,"column":0},"end":{"line":7,"column":48}},"4":{"start":{"line":9,"column":0},"end":{"line":9,"column":24}},"5":{"start":{"line":11,"column":0},"end":{"line":11,"column":28}},"6":{"start":{"line":13,"column":0},"end":{"line":13,"column":38}},"7":{"start":{"line":15,"column":0},"end":{"line":15,"column":95}},"8":{"start":{"line":15,"column":39},"end":{"line":15,"column":93}},"9":{"start":{"line":25,"column":0},"end":{"line":37,"column":2}},"10":{"start":{"line":26,"column":2},"end":{"line":36,"column":3}},"11":{"start":{"line":27,"column":4},"end":{"line":27,"column":37}},"12":{"start":{"line":28,"column":4},"end":{"line":28,"column":39}},"13":{"start":{"line":29,"column":4},"end":{"line":29,"column":81}},"14":{"start":{"line":30,"column":4},"end":{"line":30,"column":21}},"15":{"start":{"line":32,"column":4},"end":{"line":32,"column":26}},"16":{"start":{"line":33,"column":4},"end":{"line":33,"column":25}},"17":{"start":{"line":34,"column":4},"end":{"line":34,"column":54}},"18":{"start":{"line":35,"column":4},"end":{"line":35,"column":14}},"19":{"start":{"line":45,"column":0},"end":{"line":90,"column":2}},"20":{"start":{"line":46,"column":2},"end":{"line":89,"column":3}},"21":{"start":{"line":47,"column":4},"end":{"line":47,"column":33}},"22":{"start":{"line":48,"column":4},"end":{"line":83,"column":7}},"23":{"start":{"line":49,"column":6},"end":{"line":49,"column":59}},"24":{"start":{"line":50,"column":6},"end":{"line":50,"column":54}},"25":{"start":{"line":51,"column":6},"end":{"line":51,"column":49}},"26":{"start":{"line":52,"column":6},"end":{"line":79,"column":7}},"27":{"start":{"line":53,"column":8},"end":{"line":73,"column":9}},"28":{"start":{"line":54,"column":10},"end":{"line":54,"column":44}},"29":{"start":{"line":55,"column":10},"end":{"line":55,"column":126}},"30":{"start":{"line":56,"column":10},"end":{"line":56,"column":133}},"31":{"start":{"line":57,"column":10},"end":{"line":57,"column":101}},"32":{"start":{"line":58,"column":10},"end":{"line":67,"column":13}},"33":{"start":{"line":59,"column":12},"end":{"line":66,"column":15}},"34":{"start":{"line":60,"column":14},"end":{"line":65,"column":15}},"35":{"start":{"line":61,"column":16},"end":{"line":61,"column":26}},"36":{"start":{"line":63,"column":16},"end":{"line":63,"column":93}},"37":{"start":{"line":64,"column":16},"end":{"line":64,"column":76}},"38":{"start":{"line":69,"column":10},"end":{"line":69,"column":32}},"39":{"start":{"line":70,"column":10},"end":{"line":70,"column":31}},"40":{"start":{"line":71,"column":10},"end":{"line":71,"column":51}},"41":{"start":{"line":72,"column":10},"end":{"line":72,"column":20}},"42":{"start":{"line":75,"column":8},"end":{"line":75,"column":31}},"43":{"start":{"line":76,"column":8},"end":{"line":76,"column":30}},"44":{"start":{"line":77,"column":8},"end":{"line":77,"column":41}},"45":{"start":{"line":78,"column":8},"end":{"line":78,"column":19}},"46":{"start":{"line":81,"column":6},"end":{"line":81,"column":27}},"47":{"start":{"line":82,"column":6},"end":{"line":82,"column":16}},"48":{"start":{"line":85,"column":4},"end":{"line":85,"column":26}},"49":{"start":{"line":86,"column":4},"end":{"line":86,"column":25}},"50":{"start":{"line":87,"column":4},"end":{"line":87,"column":33}},"51":{"start":{"line":88,"column":4},"end":{"line":88,"column":14}}},"branchMap":{"1":{"line":15,"type":"cond-expr","locations":[{"start":{"line":15,"column":70},"end":{"line":15,"column":73}},{"start":{"line":15,"column":76},"end":{"line":15,"column":92}}]},"2":{"line":15,"type":"binary-expr","locations":[{"start":{"line":15,"column":46},"end":{"line":15,"column":49}},{"start":{"line":15,"column":53},"end":{"line":15,"column":67}}]},"3":{"line":26,"type":"if","locations":[{"start":{"line":26,"column":2},"end":{"line":26,"column":2}},{"start":{"line":26,"column":2},"end":{"line":26,"column":2}}]},"4":{"line":26,"type":"binary-expr","locations":[{"start":{"line":26,"column":6},"end":{"line":26,"column":46}},{"start":{"line":26,"column":50},"end":{"line":26,"column":91}}]},"5":{"line":46,"type":"if","locations":[{"start":{"line":46,"column":2},"end":{"line":46,"column":2}},{"start":{"line":46,"column":2},"end":{"line":46,"column":2}}]},"6":{"line":52,"type":"if","locations":[{"start":{"line":52,"column":6},"end":{"line":52,"column":6}},{"start":{"line":52,"column":6},"end":{"line":52,"column":6}}]},"7":{"line":52,"type":"binary-expr","locations":[{"start":{"line":52,"column":10},"end":{"line":52,"column":37}},{"start":{"line":52,"column":41},"end":{"line":52,"column":64}}]},"8":{"line":53,"type":"if","locations":[{"start":{"line":53,"column":8},"end":{"line":53,"column":8}},{"start":{"line":53,"column":8},"end":{"line":53,"column":8}}]},"9":{"line":60,"type":"if","locations":[{"start":{"line":60,"column":14},"end":{"line":60,"column":14}},{"start":{"line":60,"column":14},"end":{"line":60,"column":14}}]}}},"/home/shikhar97/Desktop/SocialCops/dist/utils/api.js":{"path":"/home/shikhar97/Desktop/SocialCops/dist/utils/api.js","s":{"1":1,"2":1,"3":1,"4":1,"5":1,"6":2,"7":2,"8":1,"9":1,"10":1,"11":1,"12":1,"13":1,"14":0,"15":1},"b":{"1":[0,1],"2":[1,1],"3":[1,1],"4":[0,1]},"f":{"1":1,"2":2,"3":2,"4":1},"fnMap":{"1":{"name":"_interopRequireDefault","line":7,"loc":{"start":{"line":7,"column":0},"end":{"line":7,"column":37}}},"2":{"name":"(anonymous_2)","line":9,"loc":{"start":{"line":9,"column":22},"end":{"line":9,"column":57}}},"3":{"name":"(anonymous_3)","line":10,"loc":{"start":{"line":10,"column":29},"end":{"line":10,"column":51}}},"4":{"name":"(anonymous_4)","line":17,"loc":{"start":{"line":17,"column":39},"end":{"line":17,"column":54}}}},"statementMap":{"1":{"start":{"line":3,"column":0},"end":{"line":3,"column":28}},"2":{"start":{"line":5,"column":0},"end":{"line":5,"column":43}},"3":{"start":{"line":7,"column":0},"end":{"line":7,"column":95}},"4":{"start":{"line":7,"column":39},"end":{"line":7,"column":93}},"5":{"start":{"line":9,"column":0},"end":{"line":25,"column":2}},"6":{"start":{"line":10,"column":2},"end":{"line":24,"column":5}},"7":{"start":{"line":11,"column":4},"end":{"line":23,"column":5}},"8":{"start":{"line":12,"column":6},"end":{"line":12,"column":28}},"9":{"start":{"line":13,"column":6},"end":{"line":13,"column":27}},"10":{"start":{"line":14,"column":6},"end":{"line":14,"column":41}},"11":{"start":{"line":15,"column":6},"end":{"line":15,"column":26}},"12":{"start":{"line":17,"column":6},"end":{"line":22,"column":9}},"13":{"start":{"line":18,"column":8},"end":{"line":20,"column":9}},"14":{"start":{"line":19,"column":10},"end":{"line":19,"column":30}},"15":{"start":{"line":21,"column":8},"end":{"line":21,"column":31}}},"branchMap":{"1":{"line":7,"type":"cond-expr","locations":[{"start":{"line":7,"column":70},"end":{"line":7,"column":73}},{"start":{"line":7,"column":76},"end":{"line":7,"column":92}}]},"2":{"line":7,"type":"binary-expr","locations":[{"start":{"line":7,"column":46},"end":{"line":7,"column":49}},{"start":{"line":7,"column":53},"end":{"line":7,"column":67}}]},"3":{"line":11,"type":"if","locations":[{"start":{"line":11,"column":4},"end":{"line":11,"column":4}},{"start":{"line":11,"column":4},"end":{"line":11,"column":4}}]},"4":{"line":18,"type":"if","locations":[{"start":{"line":18,"column":8},"end":{"line":18,"column":8}},{"start":{"line":18,"column":8},"end":{"line":18,"column":8}}]}}},"/home/shikhar97/Desktop/SocialCops/dist/routes/user.js":{"path":"/home/shikhar97/Desktop/SocialCops/dist/routes/user.js","s":{"1":1,"2":1,"3":3,"4":1,"5":1,"6":2,"7":2,"8":2,"9":2,"10":1,"11":13,"12":11,"13":11,"14":11,"15":2,"16":2,"17":9,"18":9,"19":2,"20":2,"21":2,"22":2},"b":{"1":[1,2],"2":[3,1],"3":[11,2],"4":[13,13,11],"5":[2,9]},"f":{"1":3,"2":13,"3":11},"fnMap":{"1":{"name":"(anonymous_1)","line":13,"loc":{"start":{"line":13,"column":16},"end":{"line":13,"column":42}}},"2":{"name":"(anonymous_2)","line":32,"loc":{"start":{"line":32,"column":20},"end":{"line":32,"column":46}}},"3":{"name":"(anonymous_3)","line":35,"loc":{"start":{"line":35,"column":47},"end":{"line":35,"column":71}}}},"statementMap":{"1":{"start":{"line":3,"column":0},"end":{"line":3,"column":44}},"2":{"start":{"line":13,"column":0},"end":{"line":23,"column":2}},"3":{"start":{"line":14,"column":2},"end":{"line":22,"column":3}},"4":{"start":{"line":15,"column":4},"end":{"line":15,"column":85}},"5":{"start":{"line":16,"column":4},"end":{"line":16,"column":31}},"6":{"start":{"line":18,"column":4},"end":{"line":18,"column":26}},"7":{"start":{"line":19,"column":4},"end":{"line":19,"column":25}},"8":{"start":{"line":20,"column":4},"end":{"line":20,"column":46}},"9":{"start":{"line":21,"column":4},"end":{"line":21,"column":14}},"10":{"start":{"line":32,"column":0},"end":{"line":50,"column":2}},"11":{"start":{"line":33,"column":2},"end":{"line":49,"column":3}},"12":{"start":{"line":34,"column":4},"end":{"line":34,"column":56}},"13":{"start":{"line":35,"column":4},"end":{"line":43,"column":7}},"14":{"start":{"line":36,"column":6},"end":{"line":42,"column":7}},"15":{"start":{"line":37,"column":8},"end":{"line":37,"column":29}},"16":{"start":{"line":38,"column":8},"end":{"line":38,"column":18}},"17":{"start":{"line":40,"column":8},"end":{"line":40,"column":40}},"18":{"start":{"line":41,"column":8},"end":{"line":41,"column":15}},"19":{"start":{"line":45,"column":4},"end":{"line":45,"column":26}},"20":{"start":{"line":46,"column":4},"end":{"line":46,"column":25}},"21":{"start":{"line":47,"column":4},"end":{"line":47,"column":47}},"22":{"start":{"line":48,"column":4},"end":{"line":48,"column":14}}},"branchMap":{"1":{"line":14,"type":"if","locations":[{"start":{"line":14,"column":2},"end":{"line":14,"column":2}},{"start":{"line":14,"column":2},"end":{"line":14,"column":2}}]},"2":{"line":14,"type":"binary-expr","locations":[{"start":{"line":14,"column":6},"end":{"line":14,"column":46}},{"start":{"line":14,"column":50},"end":{"line":14,"column":90}}]},"3":{"line":33,"type":"if","locations":[{"start":{"line":33,"column":2},"end":{"line":33,"column":2}},{"start":{"line":33,"column":2},"end":{"line":33,"column":2}}]},"4":{"line":33,"type":"binary-expr","locations":[{"start":{"line":33,"column":6},"end":{"line":33,"column":17}},{"start":{"line":33,"column":21},"end":{"line":33,"column":46}},{"start":{"line":33,"column":50},"end":{"line":33,"column":99}}]},"5":{"line":36,"type":"if","locations":[{"start":{"line":36,"column":6},"end":{"line":36,"column":6}},{"start":{"line":36,"column":6},"end":{"line":36,"column":6}}]}}},"/home/shikhar97/Desktop/SocialCops/dist/test_data.js":{"path":"/home/shikhar97/Desktop/SocialCops/dist/test_data.js","s":{"1":1},"b":{},"f":{},"fnMap":{},"statementMap":{"1":{"start":{"line":3,"column":0},"end":{"line":43,"column":2}}},"branchMap":{}}}