TN:
SF:/home/shikhar97/Desktop/SocialCops/dist/app.js
FN:25,_interopRequireDefault
FN:43,(anonymous_2)
FN:50,(anonymous_3)
FNF:3
FNH:3
FNDA:4,_interopRequireDefault
FNDA:1,(anonymous_2)
FNDA:14,(anonymous_3)
DA:3,1
DA:5,1
DA:7,1
DA:9,1
DA:11,1
DA:13,1
DA:15,1
DA:17,1
DA:19,1
DA:21,1
DA:23,1
DA:25,4
DA:27,1
DA:29,1
DA:30,1
DA:31,1
DA:33,1
DA:34,1
DA:36,1
DA:38,1
DA:39,1
DA:40,1
DA:43,1
DA:44,1
DA:45,1
DA:46,1
DA:50,1
DA:52,14
DA:53,14
DA:56,14
DA:57,14
DA:60,1
LF:32
LH:32
BRDA:25,1,0,0
BRDA:25,1,1,4
BRDA:25,2,0,4
BRDA:25,2,1,4
BRDA:53,3,0,14
BRDA:53,3,1,0
BRDA:56,4,0,14
BRDA:56,4,1,0
BRF:8
BRH:5
end_of_record
TN:
SF:/home/shikhar97/Desktop/SocialCops/dist/routes/api.js
FN:15,_interopRequireDefault
FN:25,(anonymous_2)
FN:45,(anonymous_3)
FN:48,(anonymous_4)
FN:58,(anonymous_5)
FN:59,(anonymous_6)
FN:80,(anonymous_7)
FNF:7
FNH:7
FNDA:1,_interopRequireDefault
FNDA:3,(anonymous_2)
FNDA:6,(anonymous_3)
FNDA:4,(anonymous_4)
FNDA:2,(anonymous_5)
FNDA:2,(anonymous_6)
FNDA:1,(anonymous_7)
DA:3,1
DA:5,1
DA:7,1
DA:9,1
DA:11,1
DA:13,1
DA:15,1
DA:25,1
DA:26,3
DA:27,1
DA:28,1
DA:29,1
DA:30,1
DA:32,2
DA:33,2
DA:34,2
DA:35,2
DA:45,1
DA:46,6
DA:47,5
DA:48,5
DA:49,4
DA:50,4
DA:51,4
DA:52,4
DA:53,3
DA:54,2
DA:55,2
DA:56,2
DA:57,2
DA:58,2
DA:59,2
DA:60,2
DA:61,1
DA:63,1
DA:64,1
DA:69,1
DA:70,1
DA:71,1
DA:72,1
DA:75,1
DA:76,1
DA:77,1
DA:78,1
DA:81,1
DA:82,1
DA:85,1
DA:86,1
DA:87,1
DA:88,1
LF:50
LH:50
BRDA:15,1,0,0
BRDA:15,1,1,1
BRDA:15,2,0,1
BRDA:15,2,1,1
BRDA:26,3,0,1
BRDA:26,3,1,2
BRDA:26,4,0,3
BRDA:26,4,1,3
BRDA:46,5,0,5
BRDA:46,5,1,1
BRDA:52,6,0,3
BRDA:52,6,1,1
BRDA:52,7,0,4
BRDA:52,7,1,4
BRDA:53,8,0,2
BRDA:53,8,1,1
BRDA:60,9,0,1
BRDA:60,9,1,1
BRF:18
BRH:17
end_of_record
TN:
SF:/home/shikhar97/Desktop/SocialCops/dist/utils/api.js
FN:7,_interopRequireDefault
FN:9,(anonymous_2)
FN:10,(anonymous_3)
FN:17,(anonymous_4)
FNF:4
FNH:4
FNDA:1,_interopRequireDefault
FNDA:2,(anonymous_2)
FNDA:2,(anonymous_3)
FNDA:1,(anonymous_4)
DA:3,1
DA:5,1
DA:7,1
DA:9,1
DA:10,2
DA:11,2
DA:12,1
DA:13,1
DA:14,1
DA:15,1
DA:17,1
DA:18,1
DA:19,0
DA:21,1
LF:14
LH:13
BRDA:7,1,0,0
BRDA:7,1,1,1
BRDA:7,2,0,1
BRDA:7,2,1,1
BRDA:11,3,0,1
BRDA:11,3,1,1
BRDA:18,4,0,0
BRDA:18,4,1,1
BRF:8
BRH:6
end_of_record
TN:
SF:/home/shikhar97/Desktop/SocialCops/dist/routes/user.js
FN:13,(anonymous_1)
FN:32,(anonymous_2)
FN:35,(anonymous_3)
FNF:3
FNH:3
FNDA:3,(anonymous_1)
FNDA:13,(anonymous_2)
FNDA:11,(anonymous_3)
DA:3,1
DA:13,1
DA:14,3
DA:15,1
DA:16,1
DA:18,2
DA:19,2
DA:20,2
DA:21,2
DA:32,1
DA:33,13
DA:34,11
DA:35,11
DA:36,11
DA:37,2
DA:38,2
DA:40,9
DA:41,9
DA:45,2
DA:46,2
DA:47,2
DA:48,2
LF:22
LH:22
BRDA:14,1,0,1
BRDA:14,1,1,2
BRDA:14,2,0,3
BRDA:14,2,1,1
BRDA:33,3,0,11
BRDA:33,3,1,2
BRDA:33,4,0,13
BRDA:33,4,1,13
BRDA:33,4,2,11
BRDA:36,5,0,2
BRDA:36,5,1,9
BRF:11
BRH:11
end_of_record
TN:
SF:/home/shikhar97/Desktop/SocialCops/dist/test_data.js
FNF:0
FNH:0
DA:3,1
LF:1
LH:1
BRF:0
BRH:0
end_of_record
